# JRE version: OpenJDK Runtime Environment (21.0.2+13) (build 21.0.2+13-58)
# Java VM: OpenJDK 64-Bit Server VM (21.0.2+13-58, mixed mode, sharing, tiered, compressed oops, compressed class ptrs, g1 gc, bsd-aarch64)
Heap:
 garbage-first heap   total 133120K, used 25110K [0x0000000780000000, 0x0000000800000000)
  region size 1024K, 23 young (23552K), 1 survivors (1024K)
 Metaspace       used 7140K, committed 7360K, reserved 1114112K
  class space    used 761K, committed 896K, reserved 1048576K
GC Heap History (20 events):
Event: 246.933 GC heap before
{Heap before GC invocations=88 (full 0):
 garbage-first heap   total 133120K, used 79378K [0x0000000780000000, 0x0000000800000000)
  region size 1024K, 76 young (77824K), 1 survivors (1024K)
 Metaspace       used 7140K, committed 7360K, reserved 1114112K
  class space    used 761K, committed 896K, reserved 1048576K
}
Event: 246.933 GC heap after
{Heap after GC invocations=89 (full 0):
 garbage-first heap   total 133120K, used 2582K [0x0000000780000000, 0x0000000800000000)
  region size 1024K, 1 young (1024K), 1 survivors (1024K)
 Metaspace       used 7140K, committed 7360K, reserved 1114112K
  class space    used 761K, committed 896K, reserved 1048576K
}
Event: 249.689 GC heap before
{Heap before GC invocations=89 (full 0):
 garbage-first heap   total 133120K, used 79382K [0x0000000780000000, 0x0000000800000000)
  region size 1024K, 76 young (77824K), 1 survivors (1024K)
 Metaspace       used 7140K, committed 7360K, reserved 1114112K
  class space    used 761K, committed 896K, reserved 1048576K
}
Event: 249.690 GC heap after
{Heap after GC invocations=90 (full 0):
 garbage-first heap   total 133120K, used 2580K [0x0000000780000000, 0x0000000800000000)
  region size 1024K, 1 young (1024K), 1 survivors (1024K)
 Metaspace       used 7140K, committed 7360K, reserved 1114112K
  class space    used 761K, committed 896K, reserved 1048576K
}
Event: 252.440 GC heap before
{Heap before GC invocations=90 (full 0):
 garbage-first heap   total 133120K, used 79380K [0x0000000780000000, 0x0000000800000000)
  region size 1024K, 76 young (77824K), 1 survivors (1024K)
 Metaspace       used 7140K, committed 7360K, reserved 1114112K
  class space    used 761K, committed 896K, reserved 1048576K
}
Event: 252.441 GC heap after
{Heap after GC invocations=91 (full 0):
 garbage-first heap   total 133120K, used 2582K [0x0000000780000000, 0x0000000800000000)
  region size 1024K, 1 young (1024K), 1 survivors (1024K)
 Metaspace       used 7140K, committed 7360K, reserved 1114112K
  class space    used 761K, committed 896K, reserved 1048576K
}
Event: 255.185 GC heap before
{Heap before GC invocations=91 (full 0):
 garbage-first heap   total 133120K, used 79382K [0x0000000780000000, 0x0000000800000000)
  region size 1024K, 76 young (77824K), 1 survivors (1024K)
 Metaspace       used 7140K, committed 7360K, reserved 1114112K
  class space    used 761K, committed 896K, reserved 1048576K
}
Event: 255.186 GC heap after
{Heap after GC invocations=92 (full 0):
 garbage-first heap   total 133120K, used 2578K [0x0000000780000000, 0x0000000800000000)
  region size 1024K, 1 young (1024K), 1 survivors (1024K)
 Metaspace       used 7140K, committed 7360K, reserved 1114112K
  class space    used 761K, committed 896K, reserved 1048576K
}
Event: 258.199 GC heap before
{Heap before GC invocations=92 (full 0):
 garbage-first heap   total 133120K, used 79378K [0x0000000780000000, 0x0000000800000000)
  region size 1024K, 76 young (77824K), 1 survivors (1024K)
 Metaspace       used 7140K, committed 7360K, reserved 1114112K
  class space    used 761K, committed 896K, reserved 1048576K
}
Event: 258.200 GC heap after
{Heap after GC invocations=93 (full 0):
 garbage-first heap   total 133120K, used 2582K [0x0000000780000000, 0x0000000800000000)
  region size 1024K, 1 young (1024K), 1 survivors (1024K)
 Metaspace       used 7140K, committed 7360K, reserved 1114112K
  class space    used 761K, committed 896K, reserved 1048576K
}
Event: 260.948 GC heap before
{Heap before GC invocations=93 (full 0):
 garbage-first heap   total 133120K, used 79382K [0x0000000780000000, 0x0000000800000000)
  region size 1024K, 76 young (77824K), 1 survivors (1024K)
 Metaspace       used 7140K, committed 7360K, reserved 1114112K
  class space    used 761K, committed 896K, reserved 1048576K
}
Event: 260.949 GC heap after
{Heap after GC invocations=94 (full 0):
 garbage-first heap   total 133120K, used 2582K [0x0000000780000000, 0x0000000800000000)
  region size 1024K, 1 young (1024K), 1 survivors (1024K)
 Metaspace       used 7140K, committed 7360K, reserved 1114112K
  class space    used 761K, committed 896K, reserved 1048576K
}
Event: 263.668 GC heap before
{Heap before GC invocations=94 (full 0):
 garbage-first heap   total 133120K, used 79382K [0x0000000780000000, 0x0000000800000000)
  region size 1024K, 76 young (77824K), 1 survivors (1024K)
 Metaspace       used 7140K, committed 7360K, reserved 1114112K
  class space    used 761K, committed 896K, reserved 1048576K
}
Event: 263.669 GC heap after
{Heap after GC invocations=95 (full 0):
 garbage-first heap   total 133120K, used 2578K [0x0000000780000000, 0x0000000800000000)
  region size 1024K, 1 young (1024K), 1 survivors (1024K)
 Metaspace       used 7140K, committed 7360K, reserved 1114112K
  class space    used 761K, committed 896K, reserved 1048576K
}
Event: 266.338 GC heap before
{Heap before GC invocations=95 (full 0):
 garbage-first heap   total 133120K, used 79378K [0x0000000780000000, 0x0000000800000000)
  region size 1024K, 76 young (77824K), 1 survivors (1024K)
 Metaspace       used 7140K, committed 7360K, reserved 1114112K
  class space    used 761K, committed 896K, reserved 1048576K
}
Event: 266.338 GC heap after
{Heap after GC invocations=96 (full 0):
 garbage-first heap   total 133120K, used 2580K [0x0000000780000000, 0x0000000800000000)
  region size 1024K, 1 young (1024K), 1 survivors (1024K)
 Metaspace       used 7140K, committed 7360K, reserved 1114112K
  class space    used 761K, committed 896K, reserved 1048576K
}
Event: 269.377 GC heap before
{Heap before GC invocations=96 (full 0):
 garbage-first heap   total 133120K, used 79380K [0x0000000780000000, 0x0000000800000000)
  region size 1024K, 76 young (77824K), 1 survivors (1024K)
 Metaspace       used 7140K, committed 7360K, reserved 1114112K
  class space    used 761K, committed 896K, reserved 1048576K
}
Event: 269.377 GC heap after
{Heap after GC invocations=97 (full 0):
 garbage-first heap   total 133120K, used 2578K [0x0000000780000000, 0x0000000800000000)
  region size 1024K, 1 young (1024K), 1 survivors (1024K)
 Metaspace       used 7140K, committed 7360K, reserved 1114112K
  class space    used 761K, committed 896K, reserved 1048576K
}
Event: 272.181 GC heap before
{Heap before GC invocations=97 (full 0):
 garbage-first heap   total 133120K, used 79378K [0x0000000780000000, 0x0000000800000000)
  region size 1024K, 76 young (77824K), 1 survivors (1024K)
 Metaspace       used 7140K, committed 7360K, reserved 1114112K
  class space    used 761K, committed 896K, reserved 1048576K
}
Event: 272.181 GC heap after
{Heap after GC invocations=98 (full 0):
 garbage-first heap   total 133120K, used 2582K [0x0000000780000000, 0x0000000800000000)
  region size 1024K, 1 young (1024K), 1 survivors (1024K)
 Metaspace       used 7140K, committed 7360K, reserved 1114112K
  class space    used 761K, committed 896K, reserved 1048576K
}

